2026-02-28 21:42:38,060 | ERROR | job_application_assistant.ui.pipeline | Failed to load ATS pipeline
Traceback (most recent call last):
  File "C:\Users\macta\AppData\Roaming\Python\Python314\site-packages\sqlalchemy\engine\base.py", line 1967, in _exec_single_context
    self.dialect.do_execute(
    ~~~~~~~~~~~~~~~~~~~~~~~^
        cursor, str_statement, effective_parameters, context
        ^^^^^^^^^^^^^^^^^^^^^^^^^^^^^^^^^^^^^^^^^^^^^^^^^^^^
    )
    ^
  File "C:\Users\macta\AppData\Roaming\Python\Python314\site-packages\sqlalchemy\engine\default.py", line 952, in do_execute
    cursor.execute(statement, parameters)
    ~~~~~~~~~~~~~~^^^^^^^^^^^^^^^^^^^^^^^
sqlite3.OperationalError: no such column: applications.profile_id

The above exception was the direct cause of the following exception:

Traceback (most recent call last):
  File "C:\Users\macta\Desktop\vibe-coding\job-application-assistant\src\app\ui\pages\_shared_pipeline.py", line 18, in render
    cards = get_pipeline_cards(session, profile_id=profile_id)
  File "C:\Users\macta\Desktop\vibe-coding\job-application-assistant\src\app\services\ats.py", line 239, in get_pipeline_cards
    applications = applications_repo.list_by_profile(profile_id)
  File "C:\Users\macta\Desktop\vibe-coding\job-application-assistant\src\app\models\repositories.py", line 124, in list_by_profile
    return list(self.session.exec(statement))
                ~~~~~~~~~~~~~~~~~^^^^^^^^^^^
  File "C:\Users\macta\AppData\Roaming\Python\Python314\site-packages\sqlmodel\orm\session.py", line 75, in exec
    results = super().execute(
        statement,
    ...<4 lines>...
        _add_event=_add_event,
    )
  File "C:\Users\macta\AppData\Roaming\Python\Python314\site-packages\sqlalchemy\orm\session.py", line 2351, in execute
    return self._execute_internal(
           ~~~~~~~~~~~~~~~~~~~~~~^
        statement,
        ^^^^^^^^^^
    ...<4 lines>...
        _add_event=_add_event,
        ^^^^^^^^^^^^^^^^^^^^^^
    )
    ^
  File "C:\Users\macta\AppData\Roaming\Python\Python314\site-packages\sqlalchemy\orm\session.py", line 2249, in _execute_internal
    result: Result[Any] = compile_state_cls.orm_execute_statement(
                          ~~~~~~~~~~~~~~~~~~~~~~~~~~~~~~~~~~~~~~~^
        self,
        ^^^^^
    ...<4 lines>...
        conn,
        ^^^^^
    )
    ^
  File "C:\Users\macta\AppData\Roaming\Python\Python314\site-packages\sqlalchemy\orm\context.py", line 306, in orm_execute_statement
    result = conn.execute(
        statement, params or {}, execution_options=execution_options
    )
  File "C:\Users\macta\AppData\Roaming\Python\Python314\site-packages\sqlalchemy\engine\base.py", line 1419, in execute
    return meth(
        self,
        distilled_parameters,
        execution_options or NO_OPTIONS,
    )
  File "C:\Users\macta\AppData\Roaming\Python\Python314\site-packages\sqlalchemy\sql\elements.py", line 527, in _execute_on_connection
    return connection._execute_clauseelement(
           ~~~~~~~~~~~~~~~~~~~~~~~~~~~~~~~~~^
        self, distilled_params, execution_options
        ^^^^^^^^^^^^^^^^^^^^^^^^^^^^^^^^^^^^^^^^^
    )
    ^
  File "C:\Users\macta\AppData\Roaming\Python\Python314\site-packages\sqlalchemy\engine\base.py", line 1641, in _execute_clauseelement
    ret = self._execute_context(
        dialect,
    ...<8 lines>...
        cache_hit=cache_hit,
    )
  File "C:\Users\macta\AppData\Roaming\Python\Python314\site-packages\sqlalchemy\engine\base.py", line 1846, in _execute_context
    return self._exec_single_context(
           ~~~~~~~~~~~~~~~~~~~~~~~~~^
        dialect, context, statement, parameters
        ^^^^^^^^^^^^^^^^^^^^^^^^^^^^^^^^^^^^^^^
    )
    ^
  File "C:\Users\macta\AppData\Roaming\Python\Python314\site-packages\sqlalchemy\engine\base.py", line 1986, in _exec_single_context
    self._handle_dbapi_exception(
    ~~~~~~~~~~~~~~~~~~~~~~~~~~~~^
        e, str_statement, effective_parameters, cursor, context
        ^^^^^^^^^^^^^^^^^^^^^^^^^^^^^^^^^^^^^^^^^^^^^^^^^^^^^^^
    )
    ^
  File "C:\Users\macta\AppData\Roaming\Python\Python314\site-packages\sqlalchemy\engine\base.py", line 2363, in _handle_dbapi_exception
    raise sqlalchemy_exception.with_traceback(exc_info[2]) from e
  File "C:\Users\macta\AppData\Roaming\Python\Python314\site-packages\sqlalchemy\engine\base.py", line 1967, in _exec_single_context
    self.dialect.do_execute(
    ~~~~~~~~~~~~~~~~~~~~~~~^
        cursor, str_statement, effective_parameters, context
        ^^^^^^^^^^^^^^^^^^^^^^^^^^^^^^^^^^^^^^^^^^^^^^^^^^^^
    )
    ^
  File "C:\Users\macta\AppData\Roaming\Python\Python314\site-packages\sqlalchemy\engine\default.py", line 952, in do_execute
    cursor.execute(statement, parameters)
    ~~~~~~~~~~~~~~^^^^^^^^^^^^^^^^^^^^^^^
sqlalchemy.exc.OperationalError: (sqlite3.OperationalError) no such column: applications.profile_id
[SQL: SELECT applications.id, applications.job_id, applications.profile_id, applications.cover_letter_path, applications.resume_path, applications.status, applications.stage, applications.submitted_at, applications.last_event_at, applications.next_step, applications.next_step_due_at, applications.outcome_reason, applications.notes, applications.created_at, applications.updated_at 
FROM applications 
WHERE applications.profile_id = ? ORDER BY applications.updated_at DESC]
[parameters: (1,)]
(Background on this error at: https://sqlalche.me/e/20/e3q8)
2026-02-28 21:42:57,776 | ERROR | job_application_assistant.ui.pipeline | Failed to load ATS pipeline
Traceback (most recent call last):
  File "C:\Users\macta\AppData\Roaming\Python\Python314\site-packages\sqlalchemy\engine\base.py", line 1967, in _exec_single_context
    self.dialect.do_execute(
    ~~~~~~~~~~~~~~~~~~~~~~~^
        cursor, str_statement, effective_parameters, context
        ^^^^^^^^^^^^^^^^^^^^^^^^^^^^^^^^^^^^^^^^^^^^^^^^^^^^
    )
    ^
  File "C:\Users\macta\AppData\Roaming\Python\Python314\site-packages\sqlalchemy\engine\default.py", line 952, in do_execute
    cursor.execute(statement, parameters)
    ~~~~~~~~~~~~~~^^^^^^^^^^^^^^^^^^^^^^^
sqlite3.OperationalError: no such column: applications.profile_id

The above exception was the direct cause of the following exception:

Traceback (most recent call last):
  File "C:\Users\macta\Desktop\vibe-coding\job-application-assistant\src\app\ui\pages\_shared_pipeline.py", line 18, in render
    cards = get_pipeline_cards(session, profile_id=profile_id)
  File "C:\Users\macta\Desktop\vibe-coding\job-application-assistant\src\app\services\ats.py", line 239, in get_pipeline_cards
    applications = applications_repo.list_by_profile(profile_id)
  File "C:\Users\macta\Desktop\vibe-coding\job-application-assistant\src\app\models\repositories.py", line 124, in list_by_profile
    return list(self.session.exec(statement))
                ~~~~~~~~~~~~~~~~~^^^^^^^^^^^
  File "C:\Users\macta\AppData\Roaming\Python\Python314\site-packages\sqlmodel\orm\session.py", line 75, in exec
    results = super().execute(
        statement,
    ...<4 lines>...
        _add_event=_add_event,
    )
  File "C:\Users\macta\AppData\Roaming\Python\Python314\site-packages\sqlalchemy\orm\session.py", line 2351, in execute
    return self._execute_internal(
           ~~~~~~~~~~~~~~~~~~~~~~^
        statement,
        ^^^^^^^^^^
    ...<4 lines>...
        _add_event=_add_event,
        ^^^^^^^^^^^^^^^^^^^^^^
    )
    ^
  File "C:\Users\macta\AppData\Roaming\Python\Python314\site-packages\sqlalchemy\orm\session.py", line 2249, in _execute_internal
    result: Result[Any] = compile_state_cls.orm_execute_statement(
                          ~~~~~~~~~~~~~~~~~~~~~~~~~~~~~~~~~~~~~~~^
        self,
        ^^^^^
    ...<4 lines>...
        conn,
        ^^^^^
    )
    ^
  File "C:\Users\macta\AppData\Roaming\Python\Python314\site-packages\sqlalchemy\orm\context.py", line 306, in orm_execute_statement
    result = conn.execute(
        statement, params or {}, execution_options=execution_options
    )
  File "C:\Users\macta\AppData\Roaming\Python\Python314\site-packages\sqlalchemy\engine\base.py", line 1419, in execute
    return meth(
        self,
        distilled_parameters,
        execution_options or NO_OPTIONS,
    )
  File "C:\Users\macta\AppData\Roaming\Python\Python314\site-packages\sqlalchemy\sql\elements.py", line 527, in _execute_on_connection
    return connection._execute_clauseelement(
           ~~~~~~~~~~~~~~~~~~~~~~~~~~~~~~~~~^
        self, distilled_params, execution_options
        ^^^^^^^^^^^^^^^^^^^^^^^^^^^^^^^^^^^^^^^^^
    )
    ^
  File "C:\Users\macta\AppData\Roaming\Python\Python314\site-packages\sqlalchemy\engine\base.py", line 1641, in _execute_clauseelement
    ret = self._execute_context(
        dialect,
    ...<8 lines>...
        cache_hit=cache_hit,
    )
  File "C:\Users\macta\AppData\Roaming\Python\Python314\site-packages\sqlalchemy\engine\base.py", line 1846, in _execute_context
    return self._exec_single_context(
           ~~~~~~~~~~~~~~~~~~~~~~~~~^
        dialect, context, statement, parameters
        ^^^^^^^^^^^^^^^^^^^^^^^^^^^^^^^^^^^^^^^
    )
    ^
  File "C:\Users\macta\AppData\Roaming\Python\Python314\site-packages\sqlalchemy\engine\base.py", line 1986, in _exec_single_context
    self._handle_dbapi_exception(
    ~~~~~~~~~~~~~~~~~~~~~~~~~~~~^
        e, str_statement, effective_parameters, cursor, context
        ^^^^^^^^^^^^^^^^^^^^^^^^^^^^^^^^^^^^^^^^^^^^^^^^^^^^^^^
    )
    ^
  File "C:\Users\macta\AppData\Roaming\Python\Python314\site-packages\sqlalchemy\engine\base.py", line 2363, in _handle_dbapi_exception
    raise sqlalchemy_exception.with_traceback(exc_info[2]) from e
  File "C:\Users\macta\AppData\Roaming\Python\Python314\site-packages\sqlalchemy\engine\base.py", line 1967, in _exec_single_context
    self.dialect.do_execute(
    ~~~~~~~~~~~~~~~~~~~~~~~^
        cursor, str_statement, effective_parameters, context
        ^^^^^^^^^^^^^^^^^^^^^^^^^^^^^^^^^^^^^^^^^^^^^^^^^^^^
    )
    ^
  File "C:\Users\macta\AppData\Roaming\Python\Python314\site-packages\sqlalchemy\engine\default.py", line 952, in do_execute
    cursor.execute(statement, parameters)
    ~~~~~~~~~~~~~~^^^^^^^^^^^^^^^^^^^^^^^
sqlalchemy.exc.OperationalError: (sqlite3.OperationalError) no such column: applications.profile_id
[SQL: SELECT applications.id, applications.job_id, applications.profile_id, applications.cover_letter_path, applications.resume_path, applications.status, applications.stage, applications.submitted_at, applications.last_event_at, applications.next_step, applications.next_step_due_at, applications.outcome_reason, applications.notes, applications.created_at, applications.updated_at 
FROM applications 
WHERE applications.profile_id = ? ORDER BY applications.updated_at DESC]
[parameters: (1,)]
(Background on this error at: https://sqlalche.me/e/20/e3q8)
2026-02-28 21:43:10,565 | ERROR | job_application_assistant.ui.pipeline | Failed to load ATS pipeline
Traceback (most recent call last):
  File "C:\Users\macta\AppData\Roaming\Python\Python314\site-packages\sqlalchemy\engine\base.py", line 1967, in _exec_single_context
    self.dialect.do_execute(
    ~~~~~~~~~~~~~~~~~~~~~~~^
        cursor, str_statement, effective_parameters, context
        ^^^^^^^^^^^^^^^^^^^^^^^^^^^^^^^^^^^^^^^^^^^^^^^^^^^^
    )
    ^
  File "C:\Users\macta\AppData\Roaming\Python\Python314\site-packages\sqlalchemy\engine\default.py", line 952, in do_execute
    cursor.execute(statement, parameters)
    ~~~~~~~~~~~~~~^^^^^^^^^^^^^^^^^^^^^^^
sqlite3.OperationalError: no such column: applications.profile_id

The above exception was the direct cause of the following exception:

Traceback (most recent call last):
  File "C:\Users\macta\Desktop\vibe-coding\job-application-assistant\src\app\ui\pages\_shared_pipeline.py", line 18, in render
    cards = get_pipeline_cards(session, profile_id=profile_id)
  File "C:\Users\macta\Desktop\vibe-coding\job-application-assistant\src\app\services\ats.py", line 239, in get_pipeline_cards
    applications = applications_repo.list_by_profile(profile_id)
  File "C:\Users\macta\Desktop\vibe-coding\job-application-assistant\src\app\models\repositories.py", line 124, in list_by_profile
    return list(self.session.exec(statement))
                ~~~~~~~~~~~~~~~~~^^^^^^^^^^^
  File "C:\Users\macta\AppData\Roaming\Python\Python314\site-packages\sqlmodel\orm\session.py", line 75, in exec
    results = super().execute(
        statement,
    ...<4 lines>...
        _add_event=_add_event,
    )
  File "C:\Users\macta\AppData\Roaming\Python\Python314\site-packages\sqlalchemy\orm\session.py", line 2351, in execute
    return self._execute_internal(
           ~~~~~~~~~~~~~~~~~~~~~~^
        statement,
        ^^^^^^^^^^
    ...<4 lines>...
        _add_event=_add_event,
        ^^^^^^^^^^^^^^^^^^^^^^
    )
    ^
  File "C:\Users\macta\AppData\Roaming\Python\Python314\site-packages\sqlalchemy\orm\session.py", line 2249, in _execute_internal
    result: Result[Any] = compile_state_cls.orm_execute_statement(
                          ~~~~~~~~~~~~~~~~~~~~~~~~~~~~~~~~~~~~~~~^
        self,
        ^^^^^
    ...<4 lines>...
        conn,
        ^^^^^
    )
    ^
  File "C:\Users\macta\AppData\Roaming\Python\Python314\site-packages\sqlalchemy\orm\context.py", line 306, in orm_execute_statement
    result = conn.execute(
        statement, params or {}, execution_options=execution_options
    )
  File "C:\Users\macta\AppData\Roaming\Python\Python314\site-packages\sqlalchemy\engine\base.py", line 1419, in execute
    return meth(
        self,
        distilled_parameters,
        execution_options or NO_OPTIONS,
    )
  File "C:\Users\macta\AppData\Roaming\Python\Python314\site-packages\sqlalchemy\sql\elements.py", line 527, in _execute_on_connection
    return connection._execute_clauseelement(
           ~~~~~~~~~~~~~~~~~~~~~~~~~~~~~~~~~^
        self, distilled_params, execution_options
        ^^^^^^^^^^^^^^^^^^^^^^^^^^^^^^^^^^^^^^^^^
    )
    ^
  File "C:\Users\macta\AppData\Roaming\Python\Python314\site-packages\sqlalchemy\engine\base.py", line 1641, in _execute_clauseelement
    ret = self._execute_context(
        dialect,
    ...<8 lines>...
        cache_hit=cache_hit,
    )
  File "C:\Users\macta\AppData\Roaming\Python\Python314\site-packages\sqlalchemy\engine\base.py", line 1846, in _execute_context
    return self._exec_single_context(
           ~~~~~~~~~~~~~~~~~~~~~~~~~^
        dialect, context, statement, parameters
        ^^^^^^^^^^^^^^^^^^^^^^^^^^^^^^^^^^^^^^^
    )
    ^
  File "C:\Users\macta\AppData\Roaming\Python\Python314\site-packages\sqlalchemy\engine\base.py", line 1986, in _exec_single_context
    self._handle_dbapi_exception(
    ~~~~~~~~~~~~~~~~~~~~~~~~~~~~^
        e, str_statement, effective_parameters, cursor, context
        ^^^^^^^^^^^^^^^^^^^^^^^^^^^^^^^^^^^^^^^^^^^^^^^^^^^^^^^
    )
    ^
  File "C:\Users\macta\AppData\Roaming\Python\Python314\site-packages\sqlalchemy\engine\base.py", line 2363, in _handle_dbapi_exception
    raise sqlalchemy_exception.with_traceback(exc_info[2]) from e
  File "C:\Users\macta\AppData\Roaming\Python\Python314\site-packages\sqlalchemy\engine\base.py", line 1967, in _exec_single_context
    self.dialect.do_execute(
    ~~~~~~~~~~~~~~~~~~~~~~~^
        cursor, str_statement, effective_parameters, context
        ^^^^^^^^^^^^^^^^^^^^^^^^^^^^^^^^^^^^^^^^^^^^^^^^^^^^
    )
    ^
  File "C:\Users\macta\AppData\Roaming\Python\Python314\site-packages\sqlalchemy\engine\default.py", line 952, in do_execute
    cursor.execute(statement, parameters)
    ~~~~~~~~~~~~~~^^^^^^^^^^^^^^^^^^^^^^^
sqlalchemy.exc.OperationalError: (sqlite3.OperationalError) no such column: applications.profile_id
[SQL: SELECT applications.id, applications.job_id, applications.profile_id, applications.cover_letter_path, applications.resume_path, applications.status, applications.stage, applications.submitted_at, applications.last_event_at, applications.next_step, applications.next_step_due_at, applications.outcome_reason, applications.notes, applications.created_at, applications.updated_at 
FROM applications 
WHERE applications.profile_id = ? ORDER BY applications.updated_at DESC]
[parameters: (1,)]
(Background on this error at: https://sqlalche.me/e/20/e3q8)
2026-02-28 21:43:12,428 | ERROR | job_application_assistant.ui.pipeline | Failed to load ATS pipeline
Traceback (most recent call last):
  File "C:\Users\macta\AppData\Roaming\Python\Python314\site-packages\sqlalchemy\engine\base.py", line 1967, in _exec_single_context
    self.dialect.do_execute(
    ~~~~~~~~~~~~~~~~~~~~~~~^
        cursor, str_statement, effective_parameters, context
        ^^^^^^^^^^^^^^^^^^^^^^^^^^^^^^^^^^^^^^^^^^^^^^^^^^^^
    )
    ^
  File "C:\Users\macta\AppData\Roaming\Python\Python314\site-packages\sqlalchemy\engine\default.py", line 952, in do_execute
    cursor.execute(statement, parameters)
    ~~~~~~~~~~~~~~^^^^^^^^^^^^^^^^^^^^^^^
sqlite3.OperationalError: no such column: applications.profile_id

The above exception was the direct cause of the following exception:

Traceback (most recent call last):
  File "C:\Users\macta\Desktop\vibe-coding\job-application-assistant\src\app\ui\pages\_shared_pipeline.py", line 18, in render
    cards = get_pipeline_cards(session, profile_id=profile_id)
  File "C:\Users\macta\Desktop\vibe-coding\job-application-assistant\src\app\services\ats.py", line 239, in get_pipeline_cards
    applications = applications_repo.list_by_profile(profile_id)
  File "C:\Users\macta\Desktop\vibe-coding\job-application-assistant\src\app\models\repositories.py", line 124, in list_by_profile
    return list(self.session.exec(statement))
                ~~~~~~~~~~~~~~~~~^^^^^^^^^^^
  File "C:\Users\macta\AppData\Roaming\Python\Python314\site-packages\sqlmodel\orm\session.py", line 75, in exec
    results = super().execute(
        statement,
    ...<4 lines>...
        _add_event=_add_event,
    )
  File "C:\Users\macta\AppData\Roaming\Python\Python314\site-packages\sqlalchemy\orm\session.py", line 2351, in execute
    return self._execute_internal(
           ~~~~~~~~~~~~~~~~~~~~~~^
        statement,
        ^^^^^^^^^^
    ...<4 lines>...
        _add_event=_add_event,
        ^^^^^^^^^^^^^^^^^^^^^^
    )
    ^
  File "C:\Users\macta\AppData\Roaming\Python\Python314\site-packages\sqlalchemy\orm\session.py", line 2249, in _execute_internal
    result: Result[Any] = compile_state_cls.orm_execute_statement(
                          ~~~~~~~~~~~~~~~~~~~~~~~~~~~~~~~~~~~~~~~^
        self,
        ^^^^^
    ...<4 lines>...
        conn,
        ^^^^^
    )
    ^
  File "C:\Users\macta\AppData\Roaming\Python\Python314\site-packages\sqlalchemy\orm\context.py", line 306, in orm_execute_statement
    result = conn.execute(
        statement, params or {}, execution_options=execution_options
    )
  File "C:\Users\macta\AppData\Roaming\Python\Python314\site-packages\sqlalchemy\engine\base.py", line 1419, in execute
    return meth(
        self,
        distilled_parameters,
        execution_options or NO_OPTIONS,
    )
  File "C:\Users\macta\AppData\Roaming\Python\Python314\site-packages\sqlalchemy\sql\elements.py", line 527, in _execute_on_connection
    return connection._execute_clauseelement(
           ~~~~~~~~~~~~~~~~~~~~~~~~~~~~~~~~~^
        self, distilled_params, execution_options
        ^^^^^^^^^^^^^^^^^^^^^^^^^^^^^^^^^^^^^^^^^
    )
    ^
  File "C:\Users\macta\AppData\Roaming\Python\Python314\site-packages\sqlalchemy\engine\base.py", line 1641, in _execute_clauseelement
    ret = self._execute_context(
        dialect,
    ...<8 lines>...
        cache_hit=cache_hit,
    )
  File "C:\Users\macta\AppData\Roaming\Python\Python314\site-packages\sqlalchemy\engine\base.py", line 1846, in _execute_context
    return self._exec_single_context(
           ~~~~~~~~~~~~~~~~~~~~~~~~~^
        dialect, context, statement, parameters
        ^^^^^^^^^^^^^^^^^^^^^^^^^^^^^^^^^^^^^^^
    )
    ^
  File "C:\Users\macta\AppData\Roaming\Python\Python314\site-packages\sqlalchemy\engine\base.py", line 1986, in _exec_single_context
    self._handle_dbapi_exception(
    ~~~~~~~~~~~~~~~~~~~~~~~~~~~~^
        e, str_statement, effective_parameters, cursor, context
        ^^^^^^^^^^^^^^^^^^^^^^^^^^^^^^^^^^^^^^^^^^^^^^^^^^^^^^^
    )
    ^
  File "C:\Users\macta\AppData\Roaming\Python\Python314\site-packages\sqlalchemy\engine\base.py", line 2363, in _handle_dbapi_exception
    raise sqlalchemy_exception.with_traceback(exc_info[2]) from e
  File "C:\Users\macta\AppData\Roaming\Python\Python314\site-packages\sqlalchemy\engine\base.py", line 1967, in _exec_single_context
    self.dialect.do_execute(
    ~~~~~~~~~~~~~~~~~~~~~~~^
        cursor, str_statement, effective_parameters, context
        ^^^^^^^^^^^^^^^^^^^^^^^^^^^^^^^^^^^^^^^^^^^^^^^^^^^^
    )
    ^
  File "C:\Users\macta\AppData\Roaming\Python\Python314\site-packages\sqlalchemy\engine\default.py", line 952, in do_execute
    cursor.execute(statement, parameters)
    ~~~~~~~~~~~~~~^^^^^^^^^^^^^^^^^^^^^^^
sqlalchemy.exc.OperationalError: (sqlite3.OperationalError) no such column: applications.profile_id
[SQL: SELECT applications.id, applications.job_id, applications.profile_id, applications.cover_letter_path, applications.resume_path, applications.status, applications.stage, applications.submitted_at, applications.last_event_at, applications.next_step, applications.next_step_due_at, applications.outcome_reason, applications.notes, applications.created_at, applications.updated_at 
FROM applications 
WHERE applications.profile_id = ? ORDER BY applications.updated_at DESC]
[parameters: (1,)]
(Background on this error at: https://sqlalche.me/e/20/e3q8)
2026-02-28 22:20:51,510 | ERROR | job_application_assistant.ui.import_offres | Excel alerts import failed
Traceback (most recent call last):
  File "C:\Users\macta\AppData\Roaming\Python\Python314\site-packages\sqlalchemy\engine\base.py", line 1967, in _exec_single_context
    self.dialect.do_execute(
    ~~~~~~~~~~~~~~~~~~~~~~~^
        cursor, str_statement, effective_parameters, context
        ^^^^^^^^^^^^^^^^^^^^^^^^^^^^^^^^^^^^^^^^^^^^^^^^^^^^
    )
    ^
  File "C:\Users\macta\AppData\Roaming\Python\Python314\site-packages\sqlalchemy\engine\default.py", line 952, in do_execute
    cursor.execute(statement, parameters)
    ~~~~~~~~~~~~~~^^^^^^^^^^^^^^^^^^^^^^^
sqlite3.OperationalError: no such column: applications.profile_id

The above exception was the direct cause of the following exception:

Traceback (most recent call last):
  File "C:\Users\macta\Desktop\vibe-coding\job-application-assistant\src\app\ui\pages\_shared_import_offres.py", line 63, in _render_excel_alerts_import
    result = import_jobs_from_alerts_excel_path(
        session,
        temp_path,
        profile_id=profile_id,
    )
  File "C:\Users\macta\Desktop\vibe-coding\job-application-assistant\src\app\services\import_offres.py", line 361, in import_jobs_from_alerts_excel_path
    created = _ingest_alert_row(
        session,
        row,
        profile_id=effective_profile_id,
    )
  File "C:\Users\macta\Desktop\vibe-coding\job-application-assistant\src\app\services\import_offres.py", line 245, in _ingest_alert_row
    application = ensure_application(
        session,
    ...<2 lines>...
        application_channel=application_channel,
    )
  File "C:\Users\macta\Desktop\vibe-coding\job-application-assistant\src\app\services\ats.py", line 74, in ensure_application
    existing = applications.get_by_job_and_profile(job_id, profile_id)
  File "C:\Users\macta\Desktop\vibe-coding\job-application-assistant\src\app\models\repositories.py", line 133, in get_by_job_and_profile
    return self.session.exec(statement).first()
           ~~~~~~~~~~~~~~~~~^^^^^^^^^^^
  File "C:\Users\macta\AppData\Roaming\Python\Python314\site-packages\sqlmodel\orm\session.py", line 75, in exec
    results = super().execute(
        statement,
    ...<4 lines>...
        _add_event=_add_event,
    )
  File "C:\Users\macta\AppData\Roaming\Python\Python314\site-packages\sqlalchemy\orm\session.py", line 2351, in execute
    return self._execute_internal(
           ~~~~~~~~~~~~~~~~~~~~~~^
        statement,
        ^^^^^^^^^^
    ...<4 lines>...
        _add_event=_add_event,
        ^^^^^^^^^^^^^^^^^^^^^^
    )
    ^
  File "C:\Users\macta\AppData\Roaming\Python\Python314\site-packages\sqlalchemy\orm\session.py", line 2249, in _execute_internal
    result: Result[Any] = compile_state_cls.orm_execute_statement(
                          ~~~~~~~~~~~~~~~~~~~~~~~~~~~~~~~~~~~~~~~^
        self,
        ^^^^^
    ...<4 lines>...
        conn,
        ^^^^^
    )
    ^
  File "C:\Users\macta\AppData\Roaming\Python\Python314\site-packages\sqlalchemy\orm\context.py", line 306, in orm_execute_statement
    result = conn.execute(
        statement, params or {}, execution_options=execution_options
    )
  File "C:\Users\macta\AppData\Roaming\Python\Python314\site-packages\sqlalchemy\engine\base.py", line 1419, in execute
    return meth(
        self,
        distilled_parameters,
        execution_options or NO_OPTIONS,
    )
  File "C:\Users\macta\AppData\Roaming\Python\Python314\site-packages\sqlalchemy\sql\elements.py", line 527, in _execute_on_connection
    return connection._execute_clauseelement(
           ~~~~~~~~~~~~~~~~~~~~~~~~~~~~~~~~~^
        self, distilled_params, execution_options
        ^^^^^^^^^^^^^^^^^^^^^^^^^^^^^^^^^^^^^^^^^
    )
    ^
  File "C:\Users\macta\AppData\Roaming\Python\Python314\site-packages\sqlalchemy\engine\base.py", line 1641, in _execute_clauseelement
    ret = self._execute_context(
        dialect,
    ...<8 lines>...
        cache_hit=cache_hit,
    )
  File "C:\Users\macta\AppData\Roaming\Python\Python314\site-packages\sqlalchemy\engine\base.py", line 1846, in _execute_context
    return self._exec_single_context(
           ~~~~~~~~~~~~~~~~~~~~~~~~~^
        dialect, context, statement, parameters
        ^^^^^^^^^^^^^^^^^^^^^^^^^^^^^^^^^^^^^^^
    )
    ^
  File "C:\Users\macta\AppData\Roaming\Python\Python314\site-packages\sqlalchemy\engine\base.py", line 1986, in _exec_single_context
    self._handle_dbapi_exception(
    ~~~~~~~~~~~~~~~~~~~~~~~~~~~~^
        e, str_statement, effective_parameters, cursor, context
        ^^^^^^^^^^^^^^^^^^^^^^^^^^^^^^^^^^^^^^^^^^^^^^^^^^^^^^^
    )
    ^
  File "C:\Users\macta\AppData\Roaming\Python\Python314\site-packages\sqlalchemy\engine\base.py", line 2363, in _handle_dbapi_exception
    raise sqlalchemy_exception.with_traceback(exc_info[2]) from e
  File "C:\Users\macta\AppData\Roaming\Python\Python314\site-packages\sqlalchemy\engine\base.py", line 1967, in _exec_single_context
    self.dialect.do_execute(
    ~~~~~~~~~~~~~~~~~~~~~~~^
        cursor, str_statement, effective_parameters, context
        ^^^^^^^^^^^^^^^^^^^^^^^^^^^^^^^^^^^^^^^^^^^^^^^^^^^^
    )
    ^
  File "C:\Users\macta\AppData\Roaming\Python\Python314\site-packages\sqlalchemy\engine\default.py", line 952, in do_execute
    cursor.execute(statement, parameters)
    ~~~~~~~~~~~~~~^^^^^^^^^^^^^^^^^^^^^^^
sqlalchemy.exc.OperationalError: (sqlite3.OperationalError) no such column: applications.profile_id
[SQL: SELECT applications.id, applications.job_id, applications.profile_id, applications.cover_letter_path, applications.resume_path, applications.application_channel, applications.status, applications.stage, applications.submitted_at, applications.last_event_at, applications.next_step, applications.next_step_due_at, applications.outcome_reason, applications.notes, applications.created_at, applications.updated_at 
FROM applications 
WHERE applications.job_id = ? AND applications.profile_id = ?]
[parameters: (1, 1)]
(Background on this error at: https://sqlalche.me/e/20/e3q8)
2026-02-28 22:20:59,638 | ERROR | job_application_assistant.main | Failed to load jobs
Traceback (most recent call last):
  File "C:\Users\macta\AppData\Roaming\Python\Python314\site-packages\sqlalchemy\engine\base.py", line 1967, in _exec_single_context
    self.dialect.do_execute(
    ~~~~~~~~~~~~~~~~~~~~~~~^
        cursor, str_statement, effective_parameters, context
        ^^^^^^^^^^^^^^^^^^^^^^^^^^^^^^^^^^^^^^^^^^^^^^^^^^^^
    )
    ^
  File "C:\Users\macta\AppData\Roaming\Python\Python314\site-packages\sqlalchemy\engine\default.py", line 952, in do_execute
    cursor.execute(statement, parameters)
    ~~~~~~~~~~~~~~^^^^^^^^^^^^^^^^^^^^^^^
sqlite3.OperationalError: no such column: applications.profile_id

The above exception was the direct cause of the following exception:

Traceback (most recent call last):
  File "C:\Users\macta\Desktop\vibe-coding\job-application-assistant\src\app\main.py", line 153, in _render_home
    jobs = list_jobs_with_score(session, profile_data=profile_data)
  File "C:\Users\macta\Desktop\vibe-coding\job-application-assistant\src\app\ui\components.py", line 107, in list_jobs_with_score
    application = ApplicationRepository(session).get_by_job_and_profile(
        job.id, active_profile_id
    )
  File "C:\Users\macta\Desktop\vibe-coding\job-application-assistant\src\app\models\repositories.py", line 133, in get_by_job_and_profile
    return self.session.exec(statement).first()
           ~~~~~~~~~~~~~~~~~^^^^^^^^^^^
  File "C:\Users\macta\AppData\Roaming\Python\Python314\site-packages\sqlmodel\orm\session.py", line 75, in exec
    results = super().execute(
        statement,
    ...<4 lines>...
        _add_event=_add_event,
    )
  File "C:\Users\macta\AppData\Roaming\Python\Python314\site-packages\sqlalchemy\orm\session.py", line 2351, in execute
    return self._execute_internal(
           ~~~~~~~~~~~~~~~~~~~~~~^
        statement,
        ^^^^^^^^^^
    ...<4 lines>...
        _add_event=_add_event,
        ^^^^^^^^^^^^^^^^^^^^^^
    )
    ^
  File "C:\Users\macta\AppData\Roaming\Python\Python314\site-packages\sqlalchemy\orm\session.py", line 2249, in _execute_internal
    result: Result[Any] = compile_state_cls.orm_execute_statement(
                          ~~~~~~~~~~~~~~~~~~~~~~~~~~~~~~~~~~~~~~~^
        self,
        ^^^^^
    ...<4 lines>...
        conn,
        ^^^^^
    )
    ^
  File "C:\Users\macta\AppData\Roaming\Python\Python314\site-packages\sqlalchemy\orm\context.py", line 306, in orm_execute_statement
    result = conn.execute(
        statement, params or {}, execution_options=execution_options
    )
  File "C:\Users\macta\AppData\Roaming\Python\Python314\site-packages\sqlalchemy\engine\base.py", line 1419, in execute
    return meth(
        self,
        distilled_parameters,
        execution_options or NO_OPTIONS,
    )
  File "C:\Users\macta\AppData\Roaming\Python\Python314\site-packages\sqlalchemy\sql\elements.py", line 527, in _execute_on_connection
    return connection._execute_clauseelement(
           ~~~~~~~~~~~~~~~~~~~~~~~~~~~~~~~~~^
        self, distilled_params, execution_options
        ^^^^^^^^^^^^^^^^^^^^^^^^^^^^^^^^^^^^^^^^^
    )
    ^
  File "C:\Users\macta\AppData\Roaming\Python\Python314\site-packages\sqlalchemy\engine\base.py", line 1641, in _execute_clauseelement
    ret = self._execute_context(
        dialect,
    ...<8 lines>...
        cache_hit=cache_hit,
    )
  File "C:\Users\macta\AppData\Roaming\Python\Python314\site-packages\sqlalchemy\engine\base.py", line 1846, in _execute_context
    return self._exec_single_context(
           ~~~~~~~~~~~~~~~~~~~~~~~~~^
        dialect, context, statement, parameters
        ^^^^^^^^^^^^^^^^^^^^^^^^^^^^^^^^^^^^^^^
    )
    ^
  File "C:\Users\macta\AppData\Roaming\Python\Python314\site-packages\sqlalchemy\engine\base.py", line 1986, in _exec_single_context
    self._handle_dbapi_exception(
    ~~~~~~~~~~~~~~~~~~~~~~~~~~~~^
        e, str_statement, effective_parameters, cursor, context
        ^^^^^^^^^^^^^^^^^^^^^^^^^^^^^^^^^^^^^^^^^^^^^^^^^^^^^^^
    )
    ^
  File "C:\Users\macta\AppData\Roaming\Python\Python314\site-packages\sqlalchemy\engine\base.py", line 2363, in _handle_dbapi_exception
    raise sqlalchemy_exception.with_traceback(exc_info[2]) from e
  File "C:\Users\macta\AppData\Roaming\Python\Python314\site-packages\sqlalchemy\engine\base.py", line 1967, in _exec_single_context
    self.dialect.do_execute(
    ~~~~~~~~~~~~~~~~~~~~~~~^
        cursor, str_statement, effective_parameters, context
        ^^^^^^^^^^^^^^^^^^^^^^^^^^^^^^^^^^^^^^^^^^^^^^^^^^^^
    )
    ^
  File "C:\Users\macta\AppData\Roaming\Python\Python314\site-packages\sqlalchemy\engine\default.py", line 952, in do_execute
    cursor.execute(statement, parameters)
    ~~~~~~~~~~~~~~^^^^^^^^^^^^^^^^^^^^^^^
sqlalchemy.exc.OperationalError: (sqlite3.OperationalError) no such column: applications.profile_id
[SQL: SELECT applications.id, applications.job_id, applications.profile_id, applications.cover_letter_path, applications.resume_path, applications.application_channel, applications.status, applications.stage, applications.submitted_at, applications.last_event_at, applications.next_step, applications.next_step_due_at, applications.outcome_reason, applications.notes, applications.created_at, applications.updated_at 
FROM applications 
WHERE applications.job_id = ? AND applications.profile_id = ?]
[parameters: (1, 1)]
(Background on this error at: https://sqlalche.me/e/20/e3q8)
2026-02-28 22:21:11,704 | ERROR | job_application_assistant.main | Failed to load jobs
Traceback (most recent call last):
  File "C:\Users\macta\AppData\Roaming\Python\Python314\site-packages\sqlalchemy\engine\base.py", line 1967, in _exec_single_context
    self.dialect.do_execute(
    ~~~~~~~~~~~~~~~~~~~~~~~^
        cursor, str_statement, effective_parameters, context
        ^^^^^^^^^^^^^^^^^^^^^^^^^^^^^^^^^^^^^^^^^^^^^^^^^^^^
    )
    ^
  File "C:\Users\macta\AppData\Roaming\Python\Python314\site-packages\sqlalchemy\engine\default.py", line 952, in do_execute
    cursor.execute(statement, parameters)
    ~~~~~~~~~~~~~~^^^^^^^^^^^^^^^^^^^^^^^
sqlite3.OperationalError: no such column: applications.profile_id

The above exception was the direct cause of the following exception:

Traceback (most recent call last):
  File "C:\Users\macta\Desktop\vibe-coding\job-application-assistant\src\app\main.py", line 153, in _render_home
    jobs = list_jobs_with_score(session, profile_data=profile_data)
  File "C:\Users\macta\Desktop\vibe-coding\job-application-assistant\src\app\ui\components.py", line 107, in list_jobs_with_score
    application = ApplicationRepository(session).get_by_job_and_profile(
        job.id, active_profile_id
    )
  File "C:\Users\macta\Desktop\vibe-coding\job-application-assistant\src\app\models\repositories.py", line 133, in get_by_job_and_profile
    return self.session.exec(statement).first()
           ~~~~~~~~~~~~~~~~~^^^^^^^^^^^
  File "C:\Users\macta\AppData\Roaming\Python\Python314\site-packages\sqlmodel\orm\session.py", line 75, in exec
    results = super().execute(
        statement,
    ...<4 lines>...
        _add_event=_add_event,
    )
  File "C:\Users\macta\AppData\Roaming\Python\Python314\site-packages\sqlalchemy\orm\session.py", line 2351, in execute
    return self._execute_internal(
           ~~~~~~~~~~~~~~~~~~~~~~^
        statement,
        ^^^^^^^^^^
    ...<4 lines>...
        _add_event=_add_event,
        ^^^^^^^^^^^^^^^^^^^^^^
    )
    ^
  File "C:\Users\macta\AppData\Roaming\Python\Python314\site-packages\sqlalchemy\orm\session.py", line 2249, in _execute_internal
    result: Result[Any] = compile_state_cls.orm_execute_statement(
                          ~~~~~~~~~~~~~~~~~~~~~~~~~~~~~~~~~~~~~~~^
        self,
        ^^^^^
    ...<4 lines>...
        conn,
        ^^^^^
    )
    ^
  File "C:\Users\macta\AppData\Roaming\Python\Python314\site-packages\sqlalchemy\orm\context.py", line 306, in orm_execute_statement
    result = conn.execute(
        statement, params or {}, execution_options=execution_options
    )
  File "C:\Users\macta\AppData\Roaming\Python\Python314\site-packages\sqlalchemy\engine\base.py", line 1419, in execute
    return meth(
        self,
        distilled_parameters,
        execution_options or NO_OPTIONS,
    )
  File "C:\Users\macta\AppData\Roaming\Python\Python314\site-packages\sqlalchemy\sql\elements.py", line 527, in _execute_on_connection
    return connection._execute_clauseelement(
           ~~~~~~~~~~~~~~~~~~~~~~~~~~~~~~~~~^
        self, distilled_params, execution_options
        ^^^^^^^^^^^^^^^^^^^^^^^^^^^^^^^^^^^^^^^^^
    )
    ^
  File "C:\Users\macta\AppData\Roaming\Python\Python314\site-packages\sqlalchemy\engine\base.py", line 1641, in _execute_clauseelement
    ret = self._execute_context(
        dialect,
    ...<8 lines>...
        cache_hit=cache_hit,
    )
  File "C:\Users\macta\AppData\Roaming\Python\Python314\site-packages\sqlalchemy\engine\base.py", line 1846, in _execute_context
    return self._exec_single_context(
           ~~~~~~~~~~~~~~~~~~~~~~~~~^
        dialect, context, statement, parameters
        ^^^^^^^^^^^^^^^^^^^^^^^^^^^^^^^^^^^^^^^
    )
    ^
  File "C:\Users\macta\AppData\Roaming\Python\Python314\site-packages\sqlalchemy\engine\base.py", line 1986, in _exec_single_context
    self._handle_dbapi_exception(
    ~~~~~~~~~~~~~~~~~~~~~~~~~~~~^
        e, str_statement, effective_parameters, cursor, context
        ^^^^^^^^^^^^^^^^^^^^^^^^^^^^^^^^^^^^^^^^^^^^^^^^^^^^^^^
    )
    ^
  File "C:\Users\macta\AppData\Roaming\Python\Python314\site-packages\sqlalchemy\engine\base.py", line 2363, in _handle_dbapi_exception
    raise sqlalchemy_exception.with_traceback(exc_info[2]) from e
  File "C:\Users\macta\AppData\Roaming\Python\Python314\site-packages\sqlalchemy\engine\base.py", line 1967, in _exec_single_context
    self.dialect.do_execute(
    ~~~~~~~~~~~~~~~~~~~~~~~^
        cursor, str_statement, effective_parameters, context
        ^^^^^^^^^^^^^^^^^^^^^^^^^^^^^^^^^^^^^^^^^^^^^^^^^^^^
    )
    ^
  File "C:\Users\macta\AppData\Roaming\Python\Python314\site-packages\sqlalchemy\engine\default.py", line 952, in do_execute
    cursor.execute(statement, parameters)
    ~~~~~~~~~~~~~~^^^^^^^^^^^^^^^^^^^^^^^
sqlalchemy.exc.OperationalError: (sqlite3.OperationalError) no such column: applications.profile_id
[SQL: SELECT applications.id, applications.job_id, applications.profile_id, applications.cover_letter_path, applications.resume_path, applications.application_channel, applications.status, applications.stage, applications.submitted_at, applications.last_event_at, applications.next_step, applications.next_step_due_at, applications.outcome_reason, applications.notes, applications.created_at, applications.updated_at 
FROM applications 
WHERE applications.job_id = ? AND applications.profile_id = ?]
[parameters: (1, 1)]
(Background on this error at: https://sqlalche.me/e/20/e3q8)
2026-02-28 22:21:14,119 | ERROR | job_application_assistant.main | Failed to load jobs
Traceback (most recent call last):
  File "C:\Users\macta\AppData\Roaming\Python\Python314\site-packages\sqlalchemy\engine\base.py", line 1967, in _exec_single_context
    self.dialect.do_execute(
    ~~~~~~~~~~~~~~~~~~~~~~~^
        cursor, str_statement, effective_parameters, context
        ^^^^^^^^^^^^^^^^^^^^^^^^^^^^^^^^^^^^^^^^^^^^^^^^^^^^
    )
    ^
  File "C:\Users\macta\AppData\Roaming\Python\Python314\site-packages\sqlalchemy\engine\default.py", line 952, in do_execute
    cursor.execute(statement, parameters)
    ~~~~~~~~~~~~~~^^^^^^^^^^^^^^^^^^^^^^^
sqlite3.OperationalError: no such column: applications.profile_id

The above exception was the direct cause of the following exception:

Traceback (most recent call last):
  File "C:\Users\macta\Desktop\vibe-coding\job-application-assistant\src\app\main.py", line 153, in _render_home
    jobs = list_jobs_with_score(session, profile_data=profile_data)
  File "C:\Users\macta\Desktop\vibe-coding\job-application-assistant\src\app\ui\components.py", line 107, in list_jobs_with_score
    application = ApplicationRepository(session).get_by_job_and_profile(
        job.id, active_profile_id
    )
  File "C:\Users\macta\Desktop\vibe-coding\job-application-assistant\src\app\models\repositories.py", line 133, in get_by_job_and_profile
    return self.session.exec(statement).first()
           ~~~~~~~~~~~~~~~~~^^^^^^^^^^^
  File "C:\Users\macta\AppData\Roaming\Python\Python314\site-packages\sqlmodel\orm\session.py", line 75, in exec
    results = super().execute(
        statement,
    ...<4 lines>...
        _add_event=_add_event,
    )
  File "C:\Users\macta\AppData\Roaming\Python\Python314\site-packages\sqlalchemy\orm\session.py", line 2351, in execute
    return self._execute_internal(
           ~~~~~~~~~~~~~~~~~~~~~~^
        statement,
        ^^^^^^^^^^
    ...<4 lines>...
        _add_event=_add_event,
        ^^^^^^^^^^^^^^^^^^^^^^
    )
    ^
  File "C:\Users\macta\AppData\Roaming\Python\Python314\site-packages\sqlalchemy\orm\session.py", line 2249, in _execute_internal
    result: Result[Any] = compile_state_cls.orm_execute_statement(
                          ~~~~~~~~~~~~~~~~~~~~~~~~~~~~~~~~~~~~~~~^
        self,
        ^^^^^
    ...<4 lines>...
        conn,
        ^^^^^
    )
    ^
  File "C:\Users\macta\AppData\Roaming\Python\Python314\site-packages\sqlalchemy\orm\context.py", line 306, in orm_execute_statement
    result = conn.execute(
        statement, params or {}, execution_options=execution_options
    )
  File "C:\Users\macta\AppData\Roaming\Python\Python314\site-packages\sqlalchemy\engine\base.py", line 1419, in execute
    return meth(
        self,
        distilled_parameters,
        execution_options or NO_OPTIONS,
    )
  File "C:\Users\macta\AppData\Roaming\Python\Python314\site-packages\sqlalchemy\sql\elements.py", line 527, in _execute_on_connection
    return connection._execute_clauseelement(
           ~~~~~~~~~~~~~~~~~~~~~~~~~~~~~~~~~^
        self, distilled_params, execution_options
        ^^^^^^^^^^^^^^^^^^^^^^^^^^^^^^^^^^^^^^^^^
    )
    ^
  File "C:\Users\macta\AppData\Roaming\Python\Python314\site-packages\sqlalchemy\engine\base.py", line 1641, in _execute_clauseelement
    ret = self._execute_context(
        dialect,
    ...<8 lines>...
        cache_hit=cache_hit,
    )
  File "C:\Users\macta\AppData\Roaming\Python\Python314\site-packages\sqlalchemy\engine\base.py", line 1846, in _execute_context
    return self._exec_single_context(
           ~~~~~~~~~~~~~~~~~~~~~~~~~^
        dialect, context, statement, parameters
        ^^^^^^^^^^^^^^^^^^^^^^^^^^^^^^^^^^^^^^^
    )
    ^
  File "C:\Users\macta\AppData\Roaming\Python\Python314\site-packages\sqlalchemy\engine\base.py", line 1986, in _exec_single_context
    self._handle_dbapi_exception(
    ~~~~~~~~~~~~~~~~~~~~~~~~~~~~^
        e, str_statement, effective_parameters, cursor, context
        ^^^^^^^^^^^^^^^^^^^^^^^^^^^^^^^^^^^^^^^^^^^^^^^^^^^^^^^
    )
    ^
  File "C:\Users\macta\AppData\Roaming\Python\Python314\site-packages\sqlalchemy\engine\base.py", line 2363, in _handle_dbapi_exception
    raise sqlalchemy_exception.with_traceback(exc_info[2]) from e
  File "C:\Users\macta\AppData\Roaming\Python\Python314\site-packages\sqlalchemy\engine\base.py", line 1967, in _exec_single_context
    self.dialect.do_execute(
    ~~~~~~~~~~~~~~~~~~~~~~~^
        cursor, str_statement, effective_parameters, context
        ^^^^^^^^^^^^^^^^^^^^^^^^^^^^^^^^^^^^^^^^^^^^^^^^^^^^
    )
    ^
  File "C:\Users\macta\AppData\Roaming\Python\Python314\site-packages\sqlalchemy\engine\default.py", line 952, in do_execute
    cursor.execute(statement, parameters)
    ~~~~~~~~~~~~~~^^^^^^^^^^^^^^^^^^^^^^^
sqlalchemy.exc.OperationalError: (sqlite3.OperationalError) no such column: applications.profile_id
[SQL: SELECT applications.id, applications.job_id, applications.profile_id, applications.cover_letter_path, applications.resume_path, applications.application_channel, applications.status, applications.stage, applications.submitted_at, applications.last_event_at, applications.next_step, applications.next_step_due_at, applications.outcome_reason, applications.notes, applications.created_at, applications.updated_at 
FROM applications 
WHERE applications.job_id = ? AND applications.profile_id = ?]
[parameters: (1, 1)]
(Background on this error at: https://sqlalche.me/e/20/e3q8)
2026-02-28 22:21:16,999 | ERROR | job_application_assistant.main | Failed to load jobs
Traceback (most recent call last):
  File "C:\Users\macta\AppData\Roaming\Python\Python314\site-packages\sqlalchemy\engine\base.py", line 1967, in _exec_single_context
    self.dialect.do_execute(
    ~~~~~~~~~~~~~~~~~~~~~~~^
        cursor, str_statement, effective_parameters, context
        ^^^^^^^^^^^^^^^^^^^^^^^^^^^^^^^^^^^^^^^^^^^^^^^^^^^^
    )
    ^
  File "C:\Users\macta\AppData\Roaming\Python\Python314\site-packages\sqlalchemy\engine\default.py", line 952, in do_execute
    cursor.execute(statement, parameters)
    ~~~~~~~~~~~~~~^^^^^^^^^^^^^^^^^^^^^^^
sqlite3.OperationalError: no such column: applications.profile_id

The above exception was the direct cause of the following exception:

Traceback (most recent call last):
  File "C:\Users\macta\Desktop\vibe-coding\job-application-assistant\src\app\main.py", line 153, in _render_home
    jobs = list_jobs_with_score(session, profile_data=profile_data)
  File "C:\Users\macta\Desktop\vibe-coding\job-application-assistant\src\app\ui\components.py", line 107, in list_jobs_with_score
    application = ApplicationRepository(session).get_by_job_and_profile(
        job.id, active_profile_id
    )
  File "C:\Users\macta\Desktop\vibe-coding\job-application-assistant\src\app\models\repositories.py", line 133, in get_by_job_and_profile
    return self.session.exec(statement).first()
           ~~~~~~~~~~~~~~~~~^^^^^^^^^^^
  File "C:\Users\macta\AppData\Roaming\Python\Python314\site-packages\sqlmodel\orm\session.py", line 75, in exec
    results = super().execute(
        statement,
    ...<4 lines>...
        _add_event=_add_event,
    )
  File "C:\Users\macta\AppData\Roaming\Python\Python314\site-packages\sqlalchemy\orm\session.py", line 2351, in execute
    return self._execute_internal(
           ~~~~~~~~~~~~~~~~~~~~~~^
        statement,
        ^^^^^^^^^^
    ...<4 lines>...
        _add_event=_add_event,
        ^^^^^^^^^^^^^^^^^^^^^^
    )
    ^
  File "C:\Users\macta\AppData\Roaming\Python\Python314\site-packages\sqlalchemy\orm\session.py", line 2249, in _execute_internal
    result: Result[Any] = compile_state_cls.orm_execute_statement(
                          ~~~~~~~~~~~~~~~~~~~~~~~~~~~~~~~~~~~~~~~^
        self,
        ^^^^^
    ...<4 lines>...
        conn,
        ^^^^^
    )
    ^
  File "C:\Users\macta\AppData\Roaming\Python\Python314\site-packages\sqlalchemy\orm\context.py", line 306, in orm_execute_statement
    result = conn.execute(
        statement, params or {}, execution_options=execution_options
    )
  File "C:\Users\macta\AppData\Roaming\Python\Python314\site-packages\sqlalchemy\engine\base.py", line 1419, in execute
    return meth(
        self,
        distilled_parameters,
        execution_options or NO_OPTIONS,
    )
  File "C:\Users\macta\AppData\Roaming\Python\Python314\site-packages\sqlalchemy\sql\elements.py", line 527, in _execute_on_connection
    return connection._execute_clauseelement(
           ~~~~~~~~~~~~~~~~~~~~~~~~~~~~~~~~~^
        self, distilled_params, execution_options
        ^^^^^^^^^^^^^^^^^^^^^^^^^^^^^^^^^^^^^^^^^
    )
    ^
  File "C:\Users\macta\AppData\Roaming\Python\Python314\site-packages\sqlalchemy\engine\base.py", line 1641, in _execute_clauseelement
    ret = self._execute_context(
        dialect,
    ...<8 lines>...
        cache_hit=cache_hit,
    )
  File "C:\Users\macta\AppData\Roaming\Python\Python314\site-packages\sqlalchemy\engine\base.py", line 1846, in _execute_context
    return self._exec_single_context(
           ~~~~~~~~~~~~~~~~~~~~~~~~~^
        dialect, context, statement, parameters
        ^^^^^^^^^^^^^^^^^^^^^^^^^^^^^^^^^^^^^^^
    )
    ^
  File "C:\Users\macta\AppData\Roaming\Python\Python314\site-packages\sqlalchemy\engine\base.py", line 1986, in _exec_single_context
    self._handle_dbapi_exception(
    ~~~~~~~~~~~~~~~~~~~~~~~~~~~~^
        e, str_statement, effective_parameters, cursor, context
        ^^^^^^^^^^^^^^^^^^^^^^^^^^^^^^^^^^^^^^^^^^^^^^^^^^^^^^^
    )
    ^
  File "C:\Users\macta\AppData\Roaming\Python\Python314\site-packages\sqlalchemy\engine\base.py", line 2363, in _handle_dbapi_exception
    raise sqlalchemy_exception.with_traceback(exc_info[2]) from e
  File "C:\Users\macta\AppData\Roaming\Python\Python314\site-packages\sqlalchemy\engine\base.py", line 1967, in _exec_single_context
    self.dialect.do_execute(
    ~~~~~~~~~~~~~~~~~~~~~~~^
        cursor, str_statement, effective_parameters, context
        ^^^^^^^^^^^^^^^^^^^^^^^^^^^^^^^^^^^^^^^^^^^^^^^^^^^^
    )
    ^
  File "C:\Users\macta\AppData\Roaming\Python\Python314\site-packages\sqlalchemy\engine\default.py", line 952, in do_execute
    cursor.execute(statement, parameters)
    ~~~~~~~~~~~~~~^^^^^^^^^^^^^^^^^^^^^^^
sqlalchemy.exc.OperationalError: (sqlite3.OperationalError) no such column: applications.profile_id
[SQL: SELECT applications.id, applications.job_id, applications.profile_id, applications.cover_letter_path, applications.resume_path, applications.application_channel, applications.status, applications.stage, applications.submitted_at, applications.last_event_at, applications.next_step, applications.next_step_due_at, applications.outcome_reason, applications.notes, applications.created_at, applications.updated_at 
FROM applications 
WHERE applications.job_id = ? AND applications.profile_id = ?]
[parameters: (1, 1)]
(Background on this error at: https://sqlalche.me/e/20/e3q8)
2026-02-28 22:21:19,615 | ERROR | job_application_assistant.main | Failed to load jobs
Traceback (most recent call last):
  File "C:\Users\macta\AppData\Roaming\Python\Python314\site-packages\sqlalchemy\engine\base.py", line 1967, in _exec_single_context
    self.dialect.do_execute(
    ~~~~~~~~~~~~~~~~~~~~~~~^
        cursor, str_statement, effective_parameters, context
        ^^^^^^^^^^^^^^^^^^^^^^^^^^^^^^^^^^^^^^^^^^^^^^^^^^^^
    )
    ^
  File "C:\Users\macta\AppData\Roaming\Python\Python314\site-packages\sqlalchemy\engine\default.py", line 952, in do_execute
    cursor.execute(statement, parameters)
    ~~~~~~~~~~~~~~^^^^^^^^^^^^^^^^^^^^^^^
sqlite3.OperationalError: no such column: applications.profile_id

The above exception was the direct cause of the following exception:

Traceback (most recent call last):
  File "C:\Users\macta\Desktop\vibe-coding\job-application-assistant\src\app\main.py", line 153, in _render_home
    jobs = list_jobs_with_score(session, profile_data=profile_data)
  File "C:\Users\macta\Desktop\vibe-coding\job-application-assistant\src\app\ui\components.py", line 107, in list_jobs_with_score
    application = ApplicationRepository(session).get_by_job_and_profile(
        job.id, active_profile_id
    )
  File "C:\Users\macta\Desktop\vibe-coding\job-application-assistant\src\app\models\repositories.py", line 133, in get_by_job_and_profile
    return self.session.exec(statement).first()
           ~~~~~~~~~~~~~~~~~^^^^^^^^^^^
  File "C:\Users\macta\AppData\Roaming\Python\Python314\site-packages\sqlmodel\orm\session.py", line 75, in exec
    results = super().execute(
        statement,
    ...<4 lines>...
        _add_event=_add_event,
    )
  File "C:\Users\macta\AppData\Roaming\Python\Python314\site-packages\sqlalchemy\orm\session.py", line 2351, in execute
    return self._execute_internal(
           ~~~~~~~~~~~~~~~~~~~~~~^
        statement,
        ^^^^^^^^^^
    ...<4 lines>...
        _add_event=_add_event,
        ^^^^^^^^^^^^^^^^^^^^^^
    )
    ^
  File "C:\Users\macta\AppData\Roaming\Python\Python314\site-packages\sqlalchemy\orm\session.py", line 2249, in _execute_internal
    result: Result[Any] = compile_state_cls.orm_execute_statement(
                          ~~~~~~~~~~~~~~~~~~~~~~~~~~~~~~~~~~~~~~~^
        self,
        ^^^^^
    ...<4 lines>...
        conn,
        ^^^^^
    )
    ^
  File "C:\Users\macta\AppData\Roaming\Python\Python314\site-packages\sqlalchemy\orm\context.py", line 306, in orm_execute_statement
    result = conn.execute(
        statement, params or {}, execution_options=execution_options
    )
  File "C:\Users\macta\AppData\Roaming\Python\Python314\site-packages\sqlalchemy\engine\base.py", line 1419, in execute
    return meth(
        self,
        distilled_parameters,
        execution_options or NO_OPTIONS,
    )
  File "C:\Users\macta\AppData\Roaming\Python\Python314\site-packages\sqlalchemy\sql\elements.py", line 527, in _execute_on_connection
    return connection._execute_clauseelement(
           ~~~~~~~~~~~~~~~~~~~~~~~~~~~~~~~~~^
        self, distilled_params, execution_options
        ^^^^^^^^^^^^^^^^^^^^^^^^^^^^^^^^^^^^^^^^^
    )
    ^
  File "C:\Users\macta\AppData\Roaming\Python\Python314\site-packages\sqlalchemy\engine\base.py", line 1641, in _execute_clauseelement
    ret = self._execute_context(
        dialect,
    ...<8 lines>...
        cache_hit=cache_hit,
    )
  File "C:\Users\macta\AppData\Roaming\Python\Python314\site-packages\sqlalchemy\engine\base.py", line 1846, in _execute_context
    return self._exec_single_context(
           ~~~~~~~~~~~~~~~~~~~~~~~~~^
        dialect, context, statement, parameters
        ^^^^^^^^^^^^^^^^^^^^^^^^^^^^^^^^^^^^^^^
    )
    ^
  File "C:\Users\macta\AppData\Roaming\Python\Python314\site-packages\sqlalchemy\engine\base.py", line 1986, in _exec_single_context
    self._handle_dbapi_exception(
    ~~~~~~~~~~~~~~~~~~~~~~~~~~~~^
        e, str_statement, effective_parameters, cursor, context
        ^^^^^^^^^^^^^^^^^^^^^^^^^^^^^^^^^^^^^^^^^^^^^^^^^^^^^^^
    )
    ^
  File "C:\Users\macta\AppData\Roaming\Python\Python314\site-packages\sqlalchemy\engine\base.py", line 2363, in _handle_dbapi_exception
    raise sqlalchemy_exception.with_traceback(exc_info[2]) from e
  File "C:\Users\macta\AppData\Roaming\Python\Python314\site-packages\sqlalchemy\engine\base.py", line 1967, in _exec_single_context
    self.dialect.do_execute(
    ~~~~~~~~~~~~~~~~~~~~~~~^
        cursor, str_statement, effective_parameters, context
        ^^^^^^^^^^^^^^^^^^^^^^^^^^^^^^^^^^^^^^^^^^^^^^^^^^^^
    )
    ^
  File "C:\Users\macta\AppData\Roaming\Python\Python314\site-packages\sqlalchemy\engine\default.py", line 952, in do_execute
    cursor.execute(statement, parameters)
    ~~~~~~~~~~~~~~^^^^^^^^^^^^^^^^^^^^^^^
sqlalchemy.exc.OperationalError: (sqlite3.OperationalError) no such column: applications.profile_id
[SQL: SELECT applications.id, applications.job_id, applications.profile_id, applications.cover_letter_path, applications.resume_path, applications.application_channel, applications.status, applications.stage, applications.submitted_at, applications.last_event_at, applications.next_step, applications.next_step_due_at, applications.outcome_reason, applications.notes, applications.created_at, applications.updated_at 
FROM applications 
WHERE applications.job_id = ? AND applications.profile_id = ?]
[parameters: (1, 1)]
(Background on this error at: https://sqlalche.me/e/20/e3q8)
2026-02-28 23:15:43,049 | INFO | job_application_assistant.browser_automation | Automation stopped before submit
2026-02-28 23:16:32,247 | INFO | job_application_assistant.browser_automation | Automation stopped before submit
2026-02-28 23:22:16,371 | INFO | job_application_assistant.browser_automation | Automation stopped before submit
2026-02-28 23:29:16,820 | ERROR | job_application_assistant.ui.postuler | Playwright assisted navigation failed
Traceback (most recent call last):
  File "C:\Users\macta\Desktop\vibe-coding\job-application-assistant\src\app\ui\pages\_shared_postuler.py", line 139, in render
    runtime_result = run_playwright_multi_step_flow(
        start_url=job.source_url,
    ...<5 lines>...
        connector=connector,
    )
  File "C:\Users\macta\Desktop\vibe-coding\job-application-assistant\src\app\browser\playwright_runtime.py", line 67, in run_playwright_multi_step_flow
    with sync_playwright() as playwright:
         ~~~~~~~~~~~~~~~^^
  File "C:\Users\macta\AppData\Roaming\Python\Python314\site-packages\playwright\sync_api\_context_manager.py", line 77, in __enter__
    dispatcher_fiber.switch()
    ~~~~~~~~~~~~~~~~~~~~~~~^^
  File "C:\Users\macta\AppData\Roaming\Python\Python314\site-packages\playwright\sync_api\_context_manager.py", line 56, in greenlet_main
    self._loop.run_until_complete(self._connection.run_as_sync())
    ~~~~~~~~~~~~~~~~~~~~~~~~~~~~~^^^^^^^^^^^^^^^^^^^^^^^^^^^^^^^^
  File "C:\Python314\Lib\asyncio\base_events.py", line 719, in run_until_complete
    return future.result()
           ~~~~~~~~~~~~~^^
  File "C:\Users\macta\AppData\Roaming\Python\Python314\site-packages\playwright\_impl\_connection.py", line 301, in run_as_sync
    await self.run()
  File "C:\Users\macta\AppData\Roaming\Python\Python314\site-packages\playwright\_impl\_connection.py", line 310, in run
    await self._transport.connect()
  File "C:\Users\macta\AppData\Roaming\Python\Python314\site-packages\playwright\_impl\_transport.py", line 133, in connect
    raise exc
  File "C:\Users\macta\AppData\Roaming\Python\Python314\site-packages\playwright\_impl\_transport.py", line 120, in connect
    self._proc = await asyncio.create_subprocess_exec(
                 ^^^^^^^^^^^^^^^^^^^^^^^^^^^^^^^^^^^^^
    ...<9 lines>...
    )
    ^
  File "C:\Python314\Lib\asyncio\subprocess.py", line 224, in create_subprocess_exec
    transport, protocol = await loop.subprocess_exec(
                          ^^^^^^^^^^^^^^^^^^^^^^^^^^^
    ...<3 lines>...
        stderr=stderr, **kwds)
        ^^^^^^^^^^^^^^^^^^^^^^
  File "C:\Python314\Lib\asyncio\base_events.py", line 1798, in subprocess_exec
    transport = await self._make_subprocess_transport(
                ^^^^^^^^^^^^^^^^^^^^^^^^^^^^^^^^^^^^^^
        protocol, popen_args, False, stdin, stdout, stderr,
        ^^^^^^^^^^^^^^^^^^^^^^^^^^^^^^^^^^^^^^^^^^^^^^^^^^^
        bufsize, **kwargs)
        ^^^^^^^^^^^^^^^^^^
  File "C:\Python314\Lib\asyncio\base_events.py", line 533, in _make_subprocess_transport
    raise NotImplementedError
NotImplementedError
2026-02-28 23:29:49,972 | INFO | job_application_assistant.browser_automation | Automation stopped before submit
2026-02-28 23:33:29,917 | ERROR | job_application_assistant.main | Failed to load jobs
Traceback (most recent call last):
  File "C:\Users\macta\Desktop\vibe-coding\job-application-assistant\src\app\main.py", line 155, in _render_home
    sync_status, sync_result = sync_jobs_from_default_alerts_excel(
                               ~~~~~~~~~~~~~~~~~~~~~~~~~~~~~~~~~~~^
        session,
        ^^^^^^^^
        profile_id=profile_id,
        ^^^^^^^^^^^^^^^^^^^^^^
    )
    ^
  File "C:\Users\macta\Desktop\vibe-coding\job-application-assistant\src\app\services\import_offres.py", line 437, in sync_jobs_from_default_alerts_excel
    result = import_jobs_from_alerts_excel_path(
        session,
        status.file_path,
        profile_id=profile_id,
    )
  File "C:\Users\macta\Desktop\vibe-coding\job-application-assistant\src\app\services\import_offres.py", line 413, in import_jobs_from_alerts_excel_path
    created = _ingest_alert_row(
        session,
        row,
        profile_id=effective_profile_id,
    )
  File "C:\Users\macta\Desktop\vibe-coding\job-application-assistant\src\app\services\import_offres.py", line 278, in _ingest_alert_row
    raise InvalidJobRowError("Unable to extract a job title from alert row")
app.services.import_offres.InvalidJobRowError: Unable to extract a job title from alert row
2026-02-28 23:33:31,009 | ERROR | job_application_assistant.main | Failed to load jobs
Traceback (most recent call last):
  File "C:\Users\macta\Desktop\vibe-coding\job-application-assistant\src\app\main.py", line 155, in _render_home
    sync_status, sync_result = sync_jobs_from_default_alerts_excel(
                               ~~~~~~~~~~~~~~~~~~~~~~~~~~~~~~~~~~~^
        session,
        ^^^^^^^^
        profile_id=profile_id,
        ^^^^^^^^^^^^^^^^^^^^^^
    )
    ^
  File "C:\Users\macta\Desktop\vibe-coding\job-application-assistant\src\app\services\import_offres.py", line 437, in sync_jobs_from_default_alerts_excel
    result = import_jobs_from_alerts_excel_path(
        session,
        status.file_path,
        profile_id=profile_id,
    )
  File "C:\Users\macta\Desktop\vibe-coding\job-application-assistant\src\app\services\import_offres.py", line 413, in import_jobs_from_alerts_excel_path
    created = _ingest_alert_row(
        session,
        row,
        profile_id=effective_profile_id,
    )
  File "C:\Users\macta\Desktop\vibe-coding\job-application-assistant\src\app\services\import_offres.py", line 278, in _ingest_alert_row
    raise InvalidJobRowError("Unable to extract a job title from alert row")
app.services.import_offres.InvalidJobRowError: Unable to extract a job title from alert row
2026-02-28 23:33:31,139 | ERROR | job_application_assistant.main | Failed to load jobs
Traceback (most recent call last):
  File "C:\Users\macta\Desktop\vibe-coding\job-application-assistant\src\app\main.py", line 155, in _render_home
    sync_status, sync_result = sync_jobs_from_default_alerts_excel(
                               ~~~~~~~~~~~~~~~~~~~~~~~~~~~~~~~~~~~^
        session,
        ^^^^^^^^
        profile_id=profile_id,
        ^^^^^^^^^^^^^^^^^^^^^^
    )
    ^
  File "C:\Users\macta\Desktop\vibe-coding\job-application-assistant\src\app\services\import_offres.py", line 437, in sync_jobs_from_default_alerts_excel
    result = import_jobs_from_alerts_excel_path(
        session,
        status.file_path,
        profile_id=profile_id,
    )
  File "C:\Users\macta\Desktop\vibe-coding\job-application-assistant\src\app\services\import_offres.py", line 413, in import_jobs_from_alerts_excel_path
    created = _ingest_alert_row(
        session,
        row,
        profile_id=effective_profile_id,
    )
  File "C:\Users\macta\Desktop\vibe-coding\job-application-assistant\src\app\services\import_offres.py", line 278, in _ingest_alert_row
    raise InvalidJobRowError("Unable to extract a job title from alert row")
app.services.import_offres.InvalidJobRowError: Unable to extract a job title from alert row
2026-02-28 23:33:31,727 | ERROR | job_application_assistant.main | Failed to load jobs
Traceback (most recent call last):
  File "C:\Users\macta\Desktop\vibe-coding\job-application-assistant\src\app\main.py", line 155, in _render_home
    sync_status, sync_result = sync_jobs_from_default_alerts_excel(
                               ~~~~~~~~~~~~~~~~~~~~~~~~~~~~~~~~~~~^
        session,
        ^^^^^^^^
        profile_id=profile_id,
        ^^^^^^^^^^^^^^^^^^^^^^
    )
    ^
  File "C:\Users\macta\Desktop\vibe-coding\job-application-assistant\src\app\services\import_offres.py", line 437, in sync_jobs_from_default_alerts_excel
    result = import_jobs_from_alerts_excel_path(
        session,
        status.file_path,
        profile_id=profile_id,
    )
  File "C:\Users\macta\Desktop\vibe-coding\job-application-assistant\src\app\services\import_offres.py", line 413, in import_jobs_from_alerts_excel_path
    created = _ingest_alert_row(
        session,
        row,
        profile_id=effective_profile_id,
    )
  File "C:\Users\macta\Desktop\vibe-coding\job-application-assistant\src\app\services\import_offres.py", line 278, in _ingest_alert_row
    raise InvalidJobRowError("Unable to extract a job title from alert row")
app.services.import_offres.InvalidJobRowError: Unable to extract a job title from alert row
2026-02-28 23:33:41,565 | ERROR | job_application_assistant.main | Failed to load jobs
Traceback (most recent call last):
  File "C:\Users\macta\Desktop\vibe-coding\job-application-assistant\src\app\main.py", line 155, in _render_home
    sync_status, sync_result = sync_jobs_from_default_alerts_excel(
                               ~~~~~~~~~~~~~~~~~~~~~~~~~~~~~~~~~~~^
        session,
        ^^^^^^^^
        profile_id=profile_id,
        ^^^^^^^^^^^^^^^^^^^^^^
    )
    ^
  File "C:\Users\macta\Desktop\vibe-coding\job-application-assistant\src\app\services\import_offres.py", line 437, in sync_jobs_from_default_alerts_excel
    result = import_jobs_from_alerts_excel_path(
        session,
        status.file_path,
        profile_id=profile_id,
    )
  File "C:\Users\macta\Desktop\vibe-coding\job-application-assistant\src\app\services\import_offres.py", line 413, in import_jobs_from_alerts_excel_path
    created = _ingest_alert_row(
        session,
        row,
        profile_id=effective_profile_id,
    )
  File "C:\Users\macta\Desktop\vibe-coding\job-application-assistant\src\app\services\import_offres.py", line 278, in _ingest_alert_row
    raise InvalidJobRowError("Unable to extract a job title from alert row")
app.services.import_offres.InvalidJobRowError: Unable to extract a job title from alert row
2026-02-28 23:33:56,004 | ERROR | job_application_assistant.main | Failed to load jobs
Traceback (most recent call last):
  File "C:\Users\macta\Desktop\vibe-coding\job-application-assistant\src\app\main.py", line 155, in _render_home
    sync_status, sync_result = sync_jobs_from_default_alerts_excel(
                               ~~~~~~~~~~~~~~~~~~~~~~~~~~~~~~~~~~~^
        session,
        ^^^^^^^^
        profile_id=profile_id,
        ^^^^^^^^^^^^^^^^^^^^^^
    )
    ^
  File "C:\Users\macta\Desktop\vibe-coding\job-application-assistant\src\app\services\import_offres.py", line 437, in sync_jobs_from_default_alerts_excel
    result = import_jobs_from_alerts_excel_path(
        session,
        status.file_path,
        profile_id=profile_id,
    )
  File "C:\Users\macta\Desktop\vibe-coding\job-application-assistant\src\app\services\import_offres.py", line 413, in import_jobs_from_alerts_excel_path
    created = _ingest_alert_row(
        session,
        row,
        profile_id=effective_profile_id,
    )
  File "C:\Users\macta\Desktop\vibe-coding\job-application-assistant\src\app\services\import_offres.py", line 278, in _ingest_alert_row
    raise InvalidJobRowError("Unable to extract a job title from alert row")
app.services.import_offres.InvalidJobRowError: Unable to extract a job title from alert row
2026-02-28 23:34:00,203 | ERROR | job_application_assistant.main | Failed to load jobs
Traceback (most recent call last):
  File "C:\Users\macta\Desktop\vibe-coding\job-application-assistant\src\app\main.py", line 155, in _render_home
    sync_status, sync_result = sync_jobs_from_default_alerts_excel(
                               ~~~~~~~~~~~~~~~~~~~~~~~~~~~~~~~~~~~^
        session,
        ^^^^^^^^
        profile_id=profile_id,
        ^^^^^^^^^^^^^^^^^^^^^^
    )
    ^
  File "C:\Users\macta\Desktop\vibe-coding\job-application-assistant\src\app\services\import_offres.py", line 437, in sync_jobs_from_default_alerts_excel
    result = import_jobs_from_alerts_excel_path(
        session,
        status.file_path,
        profile_id=profile_id,
    )
  File "C:\Users\macta\Desktop\vibe-coding\job-application-assistant\src\app\services\import_offres.py", line 413, in import_jobs_from_alerts_excel_path
    created = _ingest_alert_row(
        session,
        row,
        profile_id=effective_profile_id,
    )
  File "C:\Users\macta\Desktop\vibe-coding\job-application-assistant\src\app\services\import_offres.py", line 278, in _ingest_alert_row
    raise InvalidJobRowError("Unable to extract a job title from alert row")
app.services.import_offres.InvalidJobRowError: Unable to extract a job title from alert row
2026-02-28 23:34:06,715 | ERROR | job_application_assistant.main | Failed to load jobs
Traceback (most recent call last):
  File "C:\Users\macta\Desktop\vibe-coding\job-application-assistant\src\app\main.py", line 155, in _render_home
    sync_status, sync_result = sync_jobs_from_default_alerts_excel(
                               ~~~~~~~~~~~~~~~~~~~~~~~~~~~~~~~~~~~^
        session,
        ^^^^^^^^
        profile_id=profile_id,
        ^^^^^^^^^^^^^^^^^^^^^^
    )
    ^
  File "C:\Users\macta\Desktop\vibe-coding\job-application-assistant\src\app\services\import_offres.py", line 437, in sync_jobs_from_default_alerts_excel
    result = import_jobs_from_alerts_excel_path(
        session,
        status.file_path,
        profile_id=profile_id,
    )
  File "C:\Users\macta\Desktop\vibe-coding\job-application-assistant\src\app\services\import_offres.py", line 413, in import_jobs_from_alerts_excel_path
    created = _ingest_alert_row(
        session,
        row,
        profile_id=effective_profile_id,
    )
  File "C:\Users\macta\Desktop\vibe-coding\job-application-assistant\src\app\services\import_offres.py", line 278, in _ingest_alert_row
    raise InvalidJobRowError("Unable to extract a job title from alert row")
app.services.import_offres.InvalidJobRowError: Unable to extract a job title from alert row
2026-02-28 23:34:07,627 | ERROR | job_application_assistant.main | Failed to load jobs
Traceback (most recent call last):
  File "C:\Users\macta\Desktop\vibe-coding\job-application-assistant\src\app\main.py", line 155, in _render_home
    sync_status, sync_result = sync_jobs_from_default_alerts_excel(
                               ~~~~~~~~~~~~~~~~~~~~~~~~~~~~~~~~~~~^
        session,
        ^^^^^^^^
        profile_id=profile_id,
        ^^^^^^^^^^^^^^^^^^^^^^
    )
    ^
  File "C:\Users\macta\Desktop\vibe-coding\job-application-assistant\src\app\services\import_offres.py", line 437, in sync_jobs_from_default_alerts_excel
    result = import_jobs_from_alerts_excel_path(
        session,
        status.file_path,
        profile_id=profile_id,
    )
  File "C:\Users\macta\Desktop\vibe-coding\job-application-assistant\src\app\services\import_offres.py", line 413, in import_jobs_from_alerts_excel_path
    created = _ingest_alert_row(
        session,
        row,
        profile_id=effective_profile_id,
    )
  File "C:\Users\macta\Desktop\vibe-coding\job-application-assistant\src\app\services\import_offres.py", line 278, in _ingest_alert_row
    raise InvalidJobRowError("Unable to extract a job title from alert row")
app.services.import_offres.InvalidJobRowError: Unable to extract a job title from alert row
2026-02-28 23:34:09,478 | ERROR | job_application_assistant.main | Failed to load jobs
Traceback (most recent call last):
  File "C:\Users\macta\Desktop\vibe-coding\job-application-assistant\src\app\main.py", line 155, in _render_home
    sync_status, sync_result = sync_jobs_from_default_alerts_excel(
                               ~~~~~~~~~~~~~~~~~~~~~~~~~~~~~~~~~~~^
        session,
        ^^^^^^^^
        profile_id=profile_id,
        ^^^^^^^^^^^^^^^^^^^^^^
    )
    ^
  File "C:\Users\macta\Desktop\vibe-coding\job-application-assistant\src\app\services\import_offres.py", line 437, in sync_jobs_from_default_alerts_excel
    result = import_jobs_from_alerts_excel_path(
        session,
        status.file_path,
        profile_id=profile_id,
    )
  File "C:\Users\macta\Desktop\vibe-coding\job-application-assistant\src\app\services\import_offres.py", line 413, in import_jobs_from_alerts_excel_path
    created = _ingest_alert_row(
        session,
        row,
        profile_id=effective_profile_id,
    )
  File "C:\Users\macta\Desktop\vibe-coding\job-application-assistant\src\app\services\import_offres.py", line 278, in _ingest_alert_row
    raise InvalidJobRowError("Unable to extract a job title from alert row")
app.services.import_offres.InvalidJobRowError: Unable to extract a job title from alert row
2026-02-28 23:34:10,471 | ERROR | job_application_assistant.main | Failed to load jobs
Traceback (most recent call last):
  File "C:\Users\macta\Desktop\vibe-coding\job-application-assistant\src\app\main.py", line 155, in _render_home
    sync_status, sync_result = sync_jobs_from_default_alerts_excel(
                               ~~~~~~~~~~~~~~~~~~~~~~~~~~~~~~~~~~~^
        session,
        ^^^^^^^^
        profile_id=profile_id,
        ^^^^^^^^^^^^^^^^^^^^^^
    )
    ^
  File "C:\Users\macta\Desktop\vibe-coding\job-application-assistant\src\app\services\import_offres.py", line 437, in sync_jobs_from_default_alerts_excel
    result = import_jobs_from_alerts_excel_path(
        session,
        status.file_path,
        profile_id=profile_id,
    )
  File "C:\Users\macta\Desktop\vibe-coding\job-application-assistant\src\app\services\import_offres.py", line 413, in import_jobs_from_alerts_excel_path
    created = _ingest_alert_row(
        session,
        row,
        profile_id=effective_profile_id,
    )
  File "C:\Users\macta\Desktop\vibe-coding\job-application-assistant\src\app\services\import_offres.py", line 278, in _ingest_alert_row
    raise InvalidJobRowError("Unable to extract a job title from alert row")
app.services.import_offres.InvalidJobRowError: Unable to extract a job title from alert row
2026-02-28 23:34:15,690 | ERROR | job_application_assistant.main | Failed to load jobs
Traceback (most recent call last):
  File "C:\Users\macta\Desktop\vibe-coding\job-application-assistant\src\app\main.py", line 155, in _render_home
    sync_status, sync_result = sync_jobs_from_default_alerts_excel(
                               ~~~~~~~~~~~~~~~~~~~~~~~~~~~~~~~~~~~^
        session,
        ^^^^^^^^
        profile_id=profile_id,
        ^^^^^^^^^^^^^^^^^^^^^^
    )
    ^
  File "C:\Users\macta\Desktop\vibe-coding\job-application-assistant\src\app\services\import_offres.py", line 437, in sync_jobs_from_default_alerts_excel
    result = import_jobs_from_alerts_excel_path(
        session,
        status.file_path,
        profile_id=profile_id,
    )
  File "C:\Users\macta\Desktop\vibe-coding\job-application-assistant\src\app\services\import_offres.py", line 413, in import_jobs_from_alerts_excel_path
    created = _ingest_alert_row(
        session,
        row,
        profile_id=effective_profile_id,
    )
  File "C:\Users\macta\Desktop\vibe-coding\job-application-assistant\src\app\services\import_offres.py", line 278, in _ingest_alert_row
    raise InvalidJobRowError("Unable to extract a job title from alert row")
app.services.import_offres.InvalidJobRowError: Unable to extract a job title from alert row
2026-02-28 23:34:17,656 | ERROR | job_application_assistant.main | Failed to load jobs
Traceback (most recent call last):
  File "C:\Users\macta\Desktop\vibe-coding\job-application-assistant\src\app\main.py", line 155, in _render_home
    sync_status, sync_result = sync_jobs_from_default_alerts_excel(
                               ~~~~~~~~~~~~~~~~~~~~~~~~~~~~~~~~~~~^
        session,
        ^^^^^^^^
        profile_id=profile_id,
        ^^^^^^^^^^^^^^^^^^^^^^
    )
    ^
  File "C:\Users\macta\Desktop\vibe-coding\job-application-assistant\src\app\services\import_offres.py", line 437, in sync_jobs_from_default_alerts_excel
    result = import_jobs_from_alerts_excel_path(
        session,
        status.file_path,
        profile_id=profile_id,
    )
  File "C:\Users\macta\Desktop\vibe-coding\job-application-assistant\src\app\services\import_offres.py", line 413, in import_jobs_from_alerts_excel_path
    created = _ingest_alert_row(
        session,
        row,
        profile_id=effective_profile_id,
    )
  File "C:\Users\macta\Desktop\vibe-coding\job-application-assistant\src\app\services\import_offres.py", line 278, in _ingest_alert_row
    raise InvalidJobRowError("Unable to extract a job title from alert row")
app.services.import_offres.InvalidJobRowError: Unable to extract a job title from alert row
2026-02-28 23:34:19,766 | ERROR | job_application_assistant.main | Failed to load jobs
Traceback (most recent call last):
  File "C:\Users\macta\Desktop\vibe-coding\job-application-assistant\src\app\main.py", line 155, in _render_home
    sync_status, sync_result = sync_jobs_from_default_alerts_excel(
                               ~~~~~~~~~~~~~~~~~~~~~~~~~~~~~~~~~~~^
        session,
        ^^^^^^^^
        profile_id=profile_id,
        ^^^^^^^^^^^^^^^^^^^^^^
    )
    ^
  File "C:\Users\macta\Desktop\vibe-coding\job-application-assistant\src\app\services\import_offres.py", line 437, in sync_jobs_from_default_alerts_excel
    result = import_jobs_from_alerts_excel_path(
        session,
        status.file_path,
        profile_id=profile_id,
    )
  File "C:\Users\macta\Desktop\vibe-coding\job-application-assistant\src\app\services\import_offres.py", line 413, in import_jobs_from_alerts_excel_path
    created = _ingest_alert_row(
        session,
        row,
        profile_id=effective_profile_id,
    )
  File "C:\Users\macta\Desktop\vibe-coding\job-application-assistant\src\app\services\import_offres.py", line 278, in _ingest_alert_row
    raise InvalidJobRowError("Unable to extract a job title from alert row")
app.services.import_offres.InvalidJobRowError: Unable to extract a job title from alert row
2026-02-28 23:34:21,056 | ERROR | job_application_assistant.main | Failed to load jobs
Traceback (most recent call last):
  File "C:\Users\macta\Desktop\vibe-coding\job-application-assistant\src\app\main.py", line 155, in _render_home
    sync_status, sync_result = sync_jobs_from_default_alerts_excel(
                               ~~~~~~~~~~~~~~~~~~~~~~~~~~~~~~~~~~~^
        session,
        ^^^^^^^^
        profile_id=profile_id,
        ^^^^^^^^^^^^^^^^^^^^^^
    )
    ^
  File "C:\Users\macta\Desktop\vibe-coding\job-application-assistant\src\app\services\import_offres.py", line 437, in sync_jobs_from_default_alerts_excel
    result = import_jobs_from_alerts_excel_path(
        session,
        status.file_path,
        profile_id=profile_id,
    )
  File "C:\Users\macta\Desktop\vibe-coding\job-application-assistant\src\app\services\import_offres.py", line 413, in import_jobs_from_alerts_excel_path
    created = _ingest_alert_row(
        session,
        row,
        profile_id=effective_profile_id,
    )
  File "C:\Users\macta\Desktop\vibe-coding\job-application-assistant\src\app\services\import_offres.py", line 278, in _ingest_alert_row
    raise InvalidJobRowError("Unable to extract a job title from alert row")
app.services.import_offres.InvalidJobRowError: Unable to extract a job title from alert row
2026-02-28 23:34:23,961 | ERROR | job_application_assistant.main | Failed to load jobs
Traceback (most recent call last):
  File "C:\Users\macta\Desktop\vibe-coding\job-application-assistant\src\app\main.py", line 155, in _render_home
    sync_status, sync_result = sync_jobs_from_default_alerts_excel(
                               ~~~~~~~~~~~~~~~~~~~~~~~~~~~~~~~~~~~^
        session,
        ^^^^^^^^
        profile_id=profile_id,
        ^^^^^^^^^^^^^^^^^^^^^^
    )
    ^
  File "C:\Users\macta\Desktop\vibe-coding\job-application-assistant\src\app\services\import_offres.py", line 437, in sync_jobs_from_default_alerts_excel
    result = import_jobs_from_alerts_excel_path(
        session,
        status.file_path,
        profile_id=profile_id,
    )
  File "C:\Users\macta\Desktop\vibe-coding\job-application-assistant\src\app\services\import_offres.py", line 413, in import_jobs_from_alerts_excel_path
    created = _ingest_alert_row(
        session,
        row,
        profile_id=effective_profile_id,
    )
  File "C:\Users\macta\Desktop\vibe-coding\job-application-assistant\src\app\services\import_offres.py", line 278, in _ingest_alert_row
    raise InvalidJobRowError("Unable to extract a job title from alert row")
app.services.import_offres.InvalidJobRowError: Unable to extract a job title from alert row
2026-02-28 23:34:25,788 | ERROR | job_application_assistant.main | Failed to load jobs
Traceback (most recent call last):
  File "C:\Users\macta\Desktop\vibe-coding\job-application-assistant\src\app\main.py", line 155, in _render_home
    sync_status, sync_result = sync_jobs_from_default_alerts_excel(
                               ~~~~~~~~~~~~~~~~~~~~~~~~~~~~~~~~~~~^
        session,
        ^^^^^^^^
        profile_id=profile_id,
        ^^^^^^^^^^^^^^^^^^^^^^
    )
    ^
  File "C:\Users\macta\Desktop\vibe-coding\job-application-assistant\src\app\services\import_offres.py", line 437, in sync_jobs_from_default_alerts_excel
    result = import_jobs_from_alerts_excel_path(
        session,
        status.file_path,
        profile_id=profile_id,
    )
  File "C:\Users\macta\Desktop\vibe-coding\job-application-assistant\src\app\services\import_offres.py", line 413, in import_jobs_from_alerts_excel_path
    created = _ingest_alert_row(
        session,
        row,
        profile_id=effective_profile_id,
    )
  File "C:\Users\macta\Desktop\vibe-coding\job-application-assistant\src\app\services\import_offres.py", line 278, in _ingest_alert_row
    raise InvalidJobRowError("Unable to extract a job title from alert row")
app.services.import_offres.InvalidJobRowError: Unable to extract a job title from alert row
2026-02-28 23:38:28,724 | INFO | job_application_assistant.browser_automation | Automation stopped before submit
2026-02-28 23:38:30,427 | WARNING | job_application_assistant.import_offres | Skipping invalid alerts row
